{
  "type": "MALICIOUS_PAYLOAD",
  "ip": "::1",
  "path": "/api/auth/register",
  "method": "POST",
  "snippet": "{\"name\":\"Sohail\",\"email\":\"<script>alert(1)</script>\",\"password\":\"$Hahnaz123\"}",
  "time": "2025-12-18T04:59:10.689Z"
}
---
[2025-12-18T05:32:15.342Z] WAF_STARTED
[2025-12-18T05:36:11.566Z] WAF_STARTED
[2025-12-18T06:02:05.950Z] WAF_STARTED
[2025-12-18T06:05:33.444Z] WAF_STARTED
{
  "type": "MALICIOUS_PAYLOAD",
  "ip": "::1",
  "path": "/api/auth/login",
  "method": "POST",
  "snippet": "{\"email\":\"' OR 1=1 --\",\"password\":\"123\"}",
  "time": "2025-12-18T06:05:56.935Z"
}
---
{
  "type": "DYNAMIC_BLOCK_ENFORCE",
  "ip": "::1",
  "path": "/api/auth/login",
  "method": "POST",
  "expiresAt": "2025-12-18T06:06:56.935Z",
  "time": "2025-12-18T06:06:02.269Z"
}
---
{
  "type": "MALICIOUS_PAYLOAD",
  "ip": "::1",
  "path": "/api/auth/login",
  "method": "POST",
  "snippet": "{\"email\":\"' OR 1=1 --\",\"password\":\"12345678\"}",
  "time": "2025-12-18T06:07:46.509Z"
}
---
{
  "type": "DYNAMIC_BLOCK_ENFORCE",
  "ip": "::1",
  "path": "/api/auth/login",
  "method": "POST",
  "expiresAt": "2025-12-18T06:08:46.510Z",
  "time": "2025-12-18T06:08:09.290Z"
}
---
{
  "type": "DYNAMIC_BLOCK_ENFORCE",
  "ip": "::1",
  "path": "/api/auth/login",
  "method": "POST",
  "expiresAt": "2025-12-18T06:08:46.510Z",
  "time": "2025-12-18T06:08:11.395Z"
}
---
{
  "type": "DYNAMIC_BLOCK_ENFORCE",
  "ip": "::1",
  "path": "/api/auth/login",
  "method": "POST",
  "expiresAt": "2025-12-18T06:08:46.510Z",
  "time": "2025-12-18T06:08:27.707Z"
}
---
[2025-12-18T06:11:15.514Z] WAF_STARTED
{
  "type": "MALICIOUS_PAYLOAD",
  "ip": "::1",
  "path": "/api/auth/login",
  "method": "POST",
  "snippet": "{\"email\":\"' OR 1=1 --\",\"password\":\"12354567\"}",
  "time": "2025-12-18T06:11:32.270Z"
}
---
[2025-12-18T06:13:05.114Z] WAF_STARTED
[2025-12-18T06:47:55.127Z] WAF_STARTED
[2025-12-18T06:55:07.206Z] WAF_STARTED
[2025-12-18T06:56:04.262Z] WAF_STARTED
{
  "type": "MALICIOUS_PAYLOAD",
  "ip": "::1",
  "path": "/api/auth/login",
  "method": "POST",
  "snippet": "{\"email\":\"' OR 1=1 --\",\"password\":\"12345678\"}",
  "time": "2025-12-18T06:56:07.342Z"
}
---
[2025-12-18T07:01:05.175Z] WAF_STARTED
[2025-12-22T15:57:31.966Z] WAF_STARTED
[2025-12-22T16:11:39.229Z] WAF_STARTED
[2025-12-22T16:11:49.072Z] WAF_STARTED

{
  "type": "MALICIOUS_PAYLOAD",
  "ip": "::1",
  "path": "/api/auth/login",
  "method": "POST",
  "snippet": "{\"email\":\"' OR 1=1 --\",\"password\":\"\"}",
  "time": "2025-12-22T16:11:55.226Z"
}

---
[2026-03-04T06:31:14.719Z] WAF_STARTED
{
  "type": "RATE_LIMIT",
  "ip": "::1",
  "path": "/api/users/me",
  "method": "GET",
  "expiresAt": "2026-03-04T06:33:40.623Z",
  "time": "2026-03-04T06:32:40.624Z"
}
---
{
  "type": "DYNAMIC_BLOCK_ENFORCE",
  "ip": "::1",
  "path": "/api/users/me",
  "method": "GET",
  "expiresAt": "2026-03-04T06:33:40.623Z",
  "time": "2026-03-04T06:32:40.628Z"
}
---
[2026-03-04T17:38:10.076Z] WAF_STARTED
{
  "type": "MALICIOUS_PAYLOAD",
  "ip": "::1",
  "path": "/api/auth/login",
  "method": "POST",
  "snippet": "{\"email\":\"' OR 1=1 --\",\"password\":\"\"}",
  "time": "2026-03-04T17:39:24.161Z"
}
---
